<?xml version="1.0" encoding="UTF-8"?>
<!-- Generated by org.testng.reporters.JUnitReportReporter -->
<testsuite skipped="0" hostname="DESKTOP-ICKQOFK" name="restAssuredFramework.Test01_Get" tests="2" failures="0" timestamp="07 Aug 2020 06:00:07 GMT" time="8.993" errors="0">
  <testcase name="test_01" time="5.628" classname="restAssuredFramework.Test01_Get"/>
  <testcase name="test_02" time="3.365" classname="restAssuredFramework.Test01_Get"/>
</testsuite> <!-- restAssuredFramework.Test01_Get -->
